Arguments: 
  G:\Program Files\nodejs\node.exe C:\Users\user_\AppData\Roaming\npm\node_modules\yarn\bin\yarn.js

PATH: 
  G:\program files\gcc\bin;G:\program files\gcc\libexec\gcc\x86_64-w64-mingw32\8.3.0;C:\Program Files (x86)\NVIDIA Corporation\PhysX\Common;C:\Python27\;C:\Python27\Scripts;C:\Program Files (x86)\Common Files\Oracle\Java\javapath;C:\Windows\system32;C:\Windows;C:\Windows\System32\Wbem;C:\Windows\System32\WindowsPowerShell\v1.0\;C:\Windows\System32\OpenSSH\;C:\Program Files (x86)\AMD\ATI.ACE\Core-Static;C:\TDM-GCC-64\bin;C:\MinGW\bin;D:\Python\Python37;D:\Python\Python37\Scripts;C:\ProgramData\chocolatey\bin;G:\Program Files\Git\cmd;C:\Program Files\dotnet\;C:\Program Files\CMake\bin;G:\Program Files\nodejs\;C:\Program Files (x86)\Common Files\Seagate\VirtualFile\;C:\Program Files (x86)\Common Files\Seagate\VirtualFile64\;C:\Program Files (x86)\Common Files\Seagate\SnapAPI\;G:\program files\Python\Python37\Scripts\;G:\program files\Python\Python37\;C:\Users\user_\AppData\Local\Microsoft\WindowsApps;D:\Program Files\Microsoft VS Code\bin;C:\Program Files\mingw-w64\x86_64-8.1.0-posix-seh-rt_v6-rev0\mingw64\bin;C:\Users\user_\AppData\Local\atom\bin;C:\Users\user_\AppData\Local\GitHubDesktop\bin;C:\Users\user_\.dotnet\tools;C:\Program Files\ffmpeg\bin;C:\Users\user_\AppData\Roaming\npm;C:\Program Files\Microsoft VS Code\Microsoft VS Code\bin

Yarn version: 
  1.22.11

Node version: 
  14.17.0

Platform: 
  win32 x64

Trace: 
  Error: connect ENETUNREACH 104.16.20.35:443
      at TCPConnectWrap.afterConnect [as oncomplete] (net.js:1146:16)

npm manifest: 
  {
    "name": "altv-xsync-entity-server",
    "version": "1.0.0",
    "main": "dist/main.js",
    "files": [
      "dist/main.d.ts"
    ],
    "license": "MIT",
    "peerDependencies": {
      "@altv/types-server": "1.x",
      "@altv/types-shared": "1.x"
    },
    "dependencies": {
      "uuid": "^8.3.2",
      "ws": "^8.2.3"
    }
  }

yarn manifest: 
  No manifest

Lockfile: 
  No lockfile
